2025-06-17 10:27:58,101 - INFO - >>>> Pipeline Execution Started <<<<
2025-06-17 10:28:03,638 - INFO -  yaml file schema.yaml loaded successfully!
2025-06-17 10:28:03,646 - INFO - Performed train test split on the dataframe
2025-06-17 10:28:03,653 - INFO - Exited split_data_as_train_test method of Data_Ingestion class
2025-06-17 10:28:03,653 - INFO - Exporting train and test file path.
2025-06-17 10:28:03,719 - INFO - Exported train and test file path.
2025-06-17 10:28:03,719 - INFO -  Data Ingestion Completed.
2025-06-17 10:28:03,725 - INFO -  yaml file schema.yaml loaded successfully!
2025-06-17 10:28:03,844 - INFO -  Data Validation Completed.
2025-06-17 10:28:03,848 - INFO -  yaml file schema.yaml loaded successfully!
2025-06-17 10:28:03,852 - INFO - Entered initiate_data_transformation method of DataTransformation class
2025-06-17 10:28:03,852 - INFO - Starting data transformation
2025-06-17 10:28:03,879 - INFO - Entered get_data_trnasformer method of Trnasformation class
2025-06-17 10:28:03,879 - INFO - Initialise KNNImputer with {'missing_values': nan, 'n_neighbors': 4, 'weights': 'uniform'}
2025-06-17 10:28:03,902 - INFO -  NumPy array saved successfully to Artifacts\06_17_2025_10_27_58\data_transformation\transformed\train.npy
2025-06-17 10:28:03,904 - INFO -  NumPy array saved successfully to Artifacts\06_17_2025_10_27_58\data_transformation\transformed\test.npy
2025-06-17 10:28:03,906 - INFO - Object was saved successfully
2025-06-17 10:28:03,907 - INFO -  Data Transformation Completed.
2025-06-17 10:28:03,909 - INFO -  yaml file params.yaml loaded successfully!
2025-06-17 10:28:03,913 - INFO -  NumPy array loaded successfully from Artifacts\06_17_2025_10_27_58\data_transformation\transformed\train.npy
2025-06-17 10:28:03,914 - INFO - Started model training using model_fitter function.
2025-06-17 10:28:03,922 - INFO - Training started for model: Random Forest
2025-06-17 10:28:24,434 - INFO - Random Forest - Train F1: 0.990, Val F1: 0.972, F1 Gap: 0.019
2025-06-17 10:28:24,434 - INFO - Training started for model: Decision Tree
2025-06-17 10:28:25,614 - INFO - Decision Tree - Train F1: 0.990, Val F1: 0.958, F1 Gap: 0.032
2025-06-17 10:28:25,614 - INFO - Training started for model: Gradient Boosting
2025-06-17 10:30:47,463 - INFO - Gradient Boosting - Train F1: 0.967, Val F1: 0.959, F1 Gap: 0.008
2025-06-17 10:30:47,464 - INFO - Training started for model: AdaBoost
2025-06-17 10:31:07,614 - INFO - AdaBoost - Train F1: 0.927, Val F1: 0.925, F1 Gap: 0.002
2025-06-17 10:31:07,614 - INFO - Training started for model: Logistic Regression
2025-06-17 10:31:09,014 - INFO - Logistic Regression - Train F1: 0.929, Val F1: 0.932, F1 Gap: 0.003
2025-06-17 10:31:09,014 - INFO - Completed model training for all models.
2025-06-17 10:31:09,015 - INFO -  Selected non-overfitting model: Random Forest
2025-06-17 10:31:09,015 - INFO - The best training score on this dataset is 0.9717550657757617
2025-06-17 10:31:09,522 - INFO - Object was saved successfully
2025-06-17 10:31:09,524 - INFO -  Model Training Completed.
2025-06-17 10:31:09,542 - INFO -  NumPy array loaded successfully from Artifacts\06_17_2025_10_27_58\data_transformation\transformed\test.npy
2025-06-17 10:31:09,630 - INFO - Object was loaded successfully
2025-06-17 10:31:09,740 - ERROR -  Pipeline execution failed due to error: 'ClassificationArtifact' object has no attribute '_asdict'
