2025-06-17 10:42:15,493 - INFO - >>>> Pipeline Execution Started <<<<
2025-06-17 10:42:21,070 - INFO -  yaml file schema.yaml loaded successfully!
2025-06-17 10:42:21,081 - INFO - Performed train test split on the dataframe
2025-06-17 10:42:21,081 - INFO - Exited split_data_as_train_test method of Data_Ingestion class
2025-06-17 10:42:21,082 - INFO - Exporting train and test file path.
2025-06-17 10:42:21,151 - INFO - Exported train and test file path.
2025-06-17 10:42:21,151 - INFO -  Data Ingestion Completed.
2025-06-17 10:42:21,154 - INFO -  yaml file schema.yaml loaded successfully!
2025-06-17 10:42:21,255 - INFO -  Data Validation Completed.
2025-06-17 10:42:21,260 - INFO -  yaml file schema.yaml loaded successfully!
2025-06-17 10:42:21,261 - INFO - Entered initiate_data_transformation method of DataTransformation class
2025-06-17 10:42:21,261 - INFO - Starting data transformation
2025-06-17 10:42:21,288 - INFO - Entered get_data_trnasformer method of Trnasformation class
2025-06-17 10:42:21,288 - INFO - Initialise KNNImputer with {'missing_values': nan, 'n_neighbors': 4, 'weights': 'uniform'}
2025-06-17 10:42:21,325 - INFO -  NumPy array saved successfully to Artifacts\06_17_2025_10_42_15\data_transformation\transformed\train.npy
2025-06-17 10:42:21,325 - INFO -  NumPy array saved successfully to Artifacts\06_17_2025_10_42_15\data_transformation\transformed\test.npy
2025-06-17 10:42:21,336 - INFO - Object was saved successfully
2025-06-17 10:42:21,336 - INFO -  Data Transformation Completed.
2025-06-17 10:42:21,340 - INFO -  yaml file params.yaml loaded successfully!
2025-06-17 10:42:21,344 - INFO -  NumPy array loaded successfully from Artifacts\06_17_2025_10_42_15\data_transformation\transformed\train.npy
2025-06-17 10:42:21,344 - INFO - Started model training using model_fitter function.
2025-06-17 10:42:21,352 - INFO - Training started for model: Random Forest
2025-06-17 10:42:39,588 - INFO - Random Forest - Train F1: 0.990, Val F1: 0.972, F1 Gap: 0.019
2025-06-17 10:42:39,588 - INFO - Training started for model: Decision Tree
2025-06-17 10:42:40,744 - INFO - Decision Tree - Train F1: 0.990, Val F1: 0.971, F1 Gap: 0.020
2025-06-17 10:42:40,745 - INFO - Training started for model: Gradient Boosting
2025-06-17 10:44:54,238 - INFO - Gradient Boosting - Train F1: 0.965, Val F1: 0.967, F1 Gap: 0.002
2025-06-17 10:44:54,238 - INFO - Training started for model: AdaBoost
2025-06-17 10:45:09,516 - INFO - AdaBoost - Train F1: 0.925, Val F1: 0.925, F1 Gap: 0.000
2025-06-17 10:45:09,516 - INFO - Training started for model: Logistic Regression
2025-06-17 10:45:10,725 - INFO - Logistic Regression - Train F1: 0.927, Val F1: 0.925, F1 Gap: 0.002
2025-06-17 10:45:10,725 - INFO - Completed model training for all models.
2025-06-17 10:45:10,725 - INFO -  Selected non-overfitting model: Random Forest
2025-06-17 10:45:10,725 - INFO - The best training score on this dataset is 0.9717400019469502
2025-06-17 10:45:11,194 - INFO - Object was saved successfully
2025-06-17 10:45:11,194 - INFO -  Model Training Completed.
2025-06-17 10:45:11,199 - INFO -  NumPy array loaded successfully from Artifacts\06_17_2025_10_42_15\data_transformation\transformed\test.npy
2025-06-17 10:45:11,260 - INFO - Object was loaded successfully
2025-06-17 10:46:19,685 - INFO - Object was loaded successfully
2025-06-17 10:46:30,941 - INFO - Object was saved successfully
2025-06-17 10:46:35,702 - INFO -  Model Evaluation & Final Model Saving Completed.
2025-06-17 10:46:36,870 - INFO - >>>>  Pipeline Execution Finished Successfully  <<<<
