2025-06-17 10:14:16,134 - INFO - >>>> Pipeline Execution Started <<<<
2025-06-17 10:14:21,924 - INFO -  yaml file schema.yaml loaded successfully!
2025-06-17 10:14:21,924 - INFO - Performed train test split on the dataframe
2025-06-17 10:14:21,924 - INFO - Exited split_data_as_train_test method of Data_Ingestion class
2025-06-17 10:14:21,924 - INFO - Exporting train and test file path.
2025-06-17 10:14:22,041 - INFO - Exported train and test file path.
2025-06-17 10:14:22,041 - INFO -  Data Ingestion Completed.
2025-06-17 10:14:22,057 - INFO -  yaml file schema.yaml loaded successfully!
2025-06-17 10:14:22,160 - INFO -  Data Validation Completed.
2025-06-17 10:14:22,163 - INFO -  yaml file schema.yaml loaded successfully!
2025-06-17 10:14:22,167 - INFO - Entered initiate_data_transformation method of DataTransformation class
2025-06-17 10:14:22,167 - INFO - Starting data transformation
2025-06-17 10:14:22,197 - INFO - Entered get_data_trnasformer method of Trnasformation class
2025-06-17 10:14:22,197 - INFO - Initialise KNNImputer with {'missing_values': nan, 'n_neighbors': 4, 'weights': 'uniform'}
2025-06-17 10:14:22,222 - INFO -  NumPy array saved successfully to Artifacts\06_17_2025_10_14_16\data_transformation\transformed\train.npy
2025-06-17 10:14:22,224 - INFO -  NumPy array saved successfully to Artifacts\06_17_2025_10_14_16\data_transformation\transformed\test.npy
2025-06-17 10:14:22,227 - INFO - Object was saved successfully
2025-06-17 10:14:22,227 - INFO -  Data Transformation Completed.
2025-06-17 10:14:22,232 - INFO -  yaml file params.yaml loaded successfully!
2025-06-17 10:14:22,235 - INFO -  NumPy array loaded successfully from Artifacts\06_17_2025_10_14_16\data_transformation\transformed\train.npy
2025-06-17 10:14:22,236 - INFO - Started model training using model_fitter function.
2025-06-17 10:14:22,243 - INFO - Training started for model: Random Forest
2025-06-17 10:14:42,028 - INFO - Random Forest - Train F1: 0.991, Val F1: 0.955, F1 Gap: 0.036
2025-06-17 10:14:42,028 - INFO - Training started for model: Decision Tree
2025-06-17 10:14:43,187 - INFO - Decision Tree - Train F1: 0.991, Val F1: 0.949, F1 Gap: 0.042
2025-06-17 10:14:43,187 - INFO - Training started for model: Gradient Boosting
2025-06-17 10:16:52,794 - INFO - Gradient Boosting - Train F1: 0.968, Val F1: 0.940, F1 Gap: 0.028
2025-06-17 10:16:52,794 - INFO - Training started for model: AdaBoost
2025-06-17 10:17:07,846 - INFO - AdaBoost - Train F1: 0.931, Val F1: 0.902, F1 Gap: 0.028
2025-06-17 10:17:07,846 - INFO - Training started for model: Logistic Regression
2025-06-17 10:17:09,412 - INFO - Logistic Regression - Train F1: 0.935, Val F1: 0.900, F1 Gap: 0.034
2025-06-17 10:17:09,422 - INFO - Completed model training for all models.
2025-06-17 10:17:09,422 - INFO -  Selected non-overfitting model: Random Forest
2025-06-17 10:17:09,422 - INFO - The best training score on this dataset is 0.9547646622561483
2025-06-17 10:17:09,569 - INFO - Object was saved successfully
2025-06-17 10:17:09,569 - INFO -  Model Training Completed.
2025-06-17 10:17:09,591 - INFO -  NumPy array loaded successfully from Artifacts\06_17_2025_10_14_16\data_transformation\transformed\test.npy
2025-06-17 10:17:09,623 - INFO - Object was loaded successfully
