2025-06-17 09:38:32,555 - INFO - >>>> Pipeline Execution Started <<<<
2025-06-17 09:38:41,078 - INFO -  yaml file schema.yaml loaded successfully!
2025-06-17 09:38:41,089 - INFO - Performed train test split on the dataframe
2025-06-17 09:38:41,090 - INFO - Exited split_data_as_train_test method of Data_Ingestion class
2025-06-17 09:38:41,090 - INFO - Exporting train and test file path.
2025-06-17 09:38:41,156 - INFO - Exported train and test file path.
2025-06-17 09:38:41,156 - INFO -  Data Ingestion Completed.
2025-06-17 09:38:41,162 - INFO -  yaml file schema.yaml loaded successfully!
2025-06-17 09:38:41,254 - INFO -  Data Validation Completed.
2025-06-17 09:38:41,259 - INFO -  yaml file schema.yaml loaded successfully!
2025-06-17 09:38:41,260 - INFO - Entered initiate_data_transformation method of DataTransformation class
2025-06-17 09:38:41,260 - INFO - Starting data transformation
2025-06-17 09:38:41,287 - INFO - Entered get_data_trnasformer method of Trnasformation class
2025-06-17 09:38:41,287 - INFO - Initialise KNNImputer with {'missing_values': nan, 'n_neighbors': 4, 'weights': 'uniform'}
2025-06-17 09:38:41,308 - INFO -  NumPy array saved successfully to Artifacts\06_17_2025_09_38_32\data_transformation\transformed\train.npy
2025-06-17 09:38:41,311 - INFO -  NumPy array saved successfully to Artifacts\06_17_2025_09_38_32\data_transformation\transformed\test.npy
2025-06-17 09:38:41,313 - INFO - Object was saved successfully
2025-06-17 09:38:41,314 - INFO -  Data Transformation Completed.
2025-06-17 09:38:41,319 - INFO -  yaml file params.yaml loaded successfully!
2025-06-17 09:38:41,324 - INFO -  NumPy array loaded successfully from Artifacts\06_17_2025_09_38_32\data_transformation\transformed\train.npy
2025-06-17 09:38:41,325 - INFO - Started model training using model_fitter function.
2025-06-17 09:38:41,331 - INFO - Training started for model: Random Forest
2025-06-17 09:39:01,502 - INFO - Random Forest - Train F1: 0.991, Val F1: 0.973, F1 Gap: 0.018
2025-06-17 09:39:01,502 - INFO - Training started for model: Decision Tree
2025-06-17 09:39:02,665 - INFO - Decision Tree - Train F1: 0.991, Val F1: 0.965, F1 Gap: 0.026
2025-06-17 09:39:02,665 - INFO - Training started for model: Gradient Boosting
2025-06-17 09:41:15,275 - INFO - Gradient Boosting - Train F1: 0.967, Val F1: 0.955, F1 Gap: 0.012
2025-06-17 09:41:15,275 - INFO - Training started for model: AdaBoost
2025-06-17 09:41:30,699 - INFO - AdaBoost - Train F1: 0.922, Val F1: 0.937, F1 Gap: 0.016
2025-06-17 09:41:30,699 - INFO - Training started for model: Logistic Regression
2025-06-17 09:41:32,024 - INFO - Logistic Regression - Train F1: 0.926, Val F1: 0.935, F1 Gap: 0.010
2025-06-17 09:41:32,024 - INFO - Completed model training for all models.
2025-06-17 09:41:32,024 - INFO -  Selected non-overfitting model: Random Forest
2025-06-17 09:41:32,024 - INFO - The best training score on this dataset is 0.9728423086644304
2025-06-17 09:41:32,264 - INFO - Object was saved successfully
2025-06-17 09:41:32,264 - INFO -  Model Training Completed.
2025-06-17 09:41:49,055 - INFO -  NumPy array loaded successfully from Artifacts\06_17_2025_09_38_32\data_transformation\transformed\test.npy
2025-06-17 09:42:24,282 - ERROR -  Pipeline execution failed due to error: file must have 'read' and 'readline' attributes
