2025-06-18 12:37:31,624 - INFO - Starting the Network Security Training Pipeline
2025-06-18 12:37:31,624 - INFO -  Data Ingestion Started.
2025-06-18 12:37:40,101 - INFO -  yaml file schema.yaml loaded successfully!
2025-06-18 12:37:40,159 - INFO - Performed train test split on the dataframe
2025-06-18 12:37:40,159 - INFO - Exited split_data_as_train_test method of Data_Ingestion class
2025-06-18 12:37:40,175 - INFO - Exporting train and test file path.
2025-06-18 12:37:40,246 - INFO - Exported train and test file path.
2025-06-18 12:37:40,246 - INFO -  Data Ingestion Completed.
2025-06-18 12:37:40,268 - INFO -  Data Validation Started.
2025-06-18 12:37:40,281 - INFO -  yaml file schema.yaml loaded successfully!
2025-06-18 12:37:40,435 - INFO -  Data Validation Completed.
2025-06-18 12:37:40,435 - INFO -  Data Transformation Started.
2025-06-18 12:37:40,438 - INFO -  yaml file schema.yaml loaded successfully!
2025-06-18 12:37:40,438 - INFO - Entered initiate_data_transformation method of DataTransformation class
2025-06-18 12:37:40,438 - INFO - Starting data transformation
2025-06-18 12:37:40,461 - INFO - Entered get_data_trnasformer method of Trnasformation class
2025-06-18 12:37:40,462 - INFO - Initialise KNNImputer with {'missing_values': nan, 'n_neighbors': 4, 'weights': 'uniform'}
2025-06-18 12:37:40,468 - INFO -  NumPy array saved successfully to Artifacts\06_18_2025_12_37_31\data_transformation\transformed\train.npy
2025-06-18 12:37:40,468 - INFO -  NumPy array saved successfully to Artifacts\06_18_2025_12_37_31\data_transformation\transformed\test.npy
2025-06-18 12:37:40,481 - INFO - Object was saved successfully
2025-06-18 12:37:40,483 - INFO -  Data Transformation Completed.
2025-06-18 12:37:40,483 - INFO -  Model Training Started.
2025-06-18 12:37:40,503 - INFO -  yaml file params.yaml loaded successfully!
2025-06-18 12:37:40,518 - INFO -  NumPy array loaded successfully from Artifacts\06_18_2025_12_37_31\data_transformation\transformed\train.npy
2025-06-18 12:37:40,518 - INFO - Started model training using model_fitter function.
2025-06-18 12:37:40,521 - INFO - Training started for model: Random Forest
2025-06-18 12:37:48,565 - INFO - Random Forest - Train F1: 0.990, Val F1: 0.975, F1 Gap: 0.015
2025-06-18 12:37:48,565 - INFO - Training started for model: Decision Tree
2025-06-18 12:37:48,785 - INFO - Decision Tree - Train F1: 0.990, Val F1: 0.966, F1 Gap: 0.024
2025-06-18 12:37:48,785 - INFO - Training started for model: Gradient Boosting
2025-06-18 12:39:19,682 - INFO - Gradient Boosting - Train F1: 0.968, Val F1: 0.955, F1 Gap: 0.013
2025-06-18 12:39:19,682 - INFO - Training started for model: AdaBoost
2025-06-18 12:39:32,800 - INFO - AdaBoost - Train F1: 0.925, Val F1: 0.926, F1 Gap: 0.001
2025-06-18 12:39:32,801 - INFO - Training started for model: Logistic Regression
2025-06-18 12:39:33,286 - INFO - Logistic Regression - Train F1: 0.927, Val F1: 0.933, F1 Gap: 0.007
2025-06-18 12:39:33,286 - INFO - Completed model training for all models.
2025-06-18 12:39:33,286 - INFO -  Selected non-overfitting model: Random Forest
2025-06-18 12:39:33,290 - INFO - The best training score on this dataset is 0.9751054496090613
2025-06-18 12:39:33,685 - INFO - Object was saved successfully
2025-06-18 12:39:33,689 - INFO -  Model Training Completed.
2025-06-18 12:39:33,690 - INFO -  NumPy array loaded successfully from Artifacts\06_18_2025_12_37_31\data_transformation\transformed\test.npy
2025-06-18 12:39:33,724 - INFO - Object was loaded successfully
2025-06-18 12:40:20,015 - INFO - Object was loaded successfully
2025-06-18 12:40:20,102 - INFO - Object was saved successfully
2025-06-18 12:40:20,104 - INFO -  Model Evaluation & Final Model Saving Completed.
2025-06-18 12:40:20,104 - INFO - Training Pipeline executed successfully
