2025-06-17 09:58:13,754 - INFO - >>>> Pipeline Execution Started <<<<
2025-06-17 09:58:17,910 - INFO -  yaml file schema.yaml loaded successfully!
2025-06-17 09:58:18,089 - INFO - Performed train test split on the dataframe
2025-06-17 09:58:18,089 - INFO - Exited split_data_as_train_test method of Data_Ingestion class
2025-06-17 09:58:18,089 - INFO - Exporting train and test file path.
2025-06-17 09:58:18,192 - INFO - Exported train and test file path.
2025-06-17 09:58:18,192 - INFO -  Data Ingestion Completed.
2025-06-17 09:58:18,201 - INFO -  yaml file schema.yaml loaded successfully!
2025-06-17 09:58:18,387 - INFO -  Data Validation Completed.
2025-06-17 09:58:18,393 - INFO -  yaml file schema.yaml loaded successfully!
2025-06-17 09:58:18,393 - INFO - Entered initiate_data_transformation method of DataTransformation class
2025-06-17 09:58:18,394 - INFO - Starting data transformation
2025-06-17 09:58:18,419 - INFO - Entered get_data_trnasformer method of Trnasformation class
2025-06-17 09:58:18,420 - INFO - Initialise KNNImputer with {'missing_values': nan, 'n_neighbors': 4, 'weights': 'uniform'}
2025-06-17 09:58:18,443 - INFO -  NumPy array saved successfully to Artifacts\06_17_2025_09_58_13\data_transformation\transformed\train.npy
2025-06-17 09:58:18,444 - INFO -  NumPy array saved successfully to Artifacts\06_17_2025_09_58_13\data_transformation\transformed\test.npy
2025-06-17 09:58:18,447 - INFO - Object was saved successfully
2025-06-17 09:58:18,447 - INFO -  Data Transformation Completed.
2025-06-17 09:58:18,450 - INFO -  yaml file params.yaml loaded successfully!
2025-06-17 09:58:18,454 - INFO -  NumPy array loaded successfully from Artifacts\06_17_2025_09_58_13\data_transformation\transformed\train.npy
2025-06-17 09:58:18,456 - INFO - Started model training using model_fitter function.
2025-06-17 09:58:18,459 - INFO - Training started for model: Random Forest
2025-06-17 09:58:37,152 - INFO - Random Forest - Train F1: 0.990, Val F1: 0.974, F1 Gap: 0.016
2025-06-17 09:58:37,152 - INFO - Training started for model: Decision Tree
2025-06-17 09:58:38,283 - INFO - Decision Tree - Train F1: 0.990, Val F1: 0.972, F1 Gap: 0.018
2025-06-17 09:58:38,283 - INFO - Training started for model: Gradient Boosting
2025-06-17 10:00:47,507 - INFO - Gradient Boosting - Train F1: 0.966, Val F1: 0.963, F1 Gap: 0.003
2025-06-17 10:00:47,507 - INFO - Training started for model: AdaBoost
2025-06-17 10:01:02,185 - INFO - AdaBoost - Train F1: 0.922, Val F1: 0.930, F1 Gap: 0.007
2025-06-17 10:01:02,185 - INFO - Training started for model: Logistic Regression
2025-06-17 10:01:03,659 - INFO - Logistic Regression - Train F1: 0.928, Val F1: 0.938, F1 Gap: 0.010
2025-06-17 10:01:03,659 - INFO - Completed model training for all models.
2025-06-17 10:01:03,659 - INFO -  Selected non-overfitting model: Random Forest
2025-06-17 10:01:03,659 - INFO - The best training score on this dataset is 0.9739779341394416
2025-06-17 10:01:04,053 - INFO - Object was saved successfully
2025-06-17 10:01:04,053 - INFO -  Model Training Completed.
2025-06-17 10:01:04,070 - INFO -  NumPy array loaded successfully from Artifacts\06_17_2025_09_58_13\data_transformation\transformed\test.npy
2025-06-17 10:01:04,125 - INFO - Object was loaded successfully
2025-06-17 10:09:21,842 - ERROR -  Pipeline execution failed due to error: 'ClassificationArtifact' object has no attribute 'items'
