2025-06-17 10:35:40,623 - INFO - >>>> Pipeline Execution Started <<<<
2025-06-17 10:35:47,466 - INFO -  yaml file schema.yaml loaded successfully!
2025-06-17 10:35:47,634 - INFO - Performed train test split on the dataframe
2025-06-17 10:35:47,635 - INFO - Exited split_data_as_train_test method of Data_Ingestion class
2025-06-17 10:35:47,637 - INFO - Exporting train and test file path.
2025-06-17 10:35:47,722 - INFO - Exported train and test file path.
2025-06-17 10:35:47,723 - INFO -  Data Ingestion Completed.
2025-06-17 10:35:47,728 - INFO -  yaml file schema.yaml loaded successfully!
2025-06-17 10:35:47,854 - INFO -  Data Validation Completed.
2025-06-17 10:35:47,855 - INFO -  yaml file schema.yaml loaded successfully!
2025-06-17 10:35:47,861 - INFO - Entered initiate_data_transformation method of DataTransformation class
2025-06-17 10:35:47,861 - INFO - Starting data transformation
2025-06-17 10:35:47,885 - INFO - Entered get_data_trnasformer method of Trnasformation class
2025-06-17 10:35:47,885 - INFO - Initialise KNNImputer with {'missing_values': nan, 'n_neighbors': 4, 'weights': 'uniform'}
2025-06-17 10:35:47,924 - INFO -  NumPy array saved successfully to Artifacts\06_17_2025_10_35_40\data_transformation\transformed\train.npy
2025-06-17 10:35:47,925 - INFO -  NumPy array saved successfully to Artifacts\06_17_2025_10_35_40\data_transformation\transformed\test.npy
2025-06-17 10:35:47,929 - INFO - Object was saved successfully
2025-06-17 10:35:47,929 - INFO -  Data Transformation Completed.
2025-06-17 10:35:47,934 - INFO -  yaml file params.yaml loaded successfully!
2025-06-17 10:35:47,936 - INFO -  NumPy array loaded successfully from Artifacts\06_17_2025_10_35_40\data_transformation\transformed\train.npy
2025-06-17 10:35:47,938 - INFO - Started model training using model_fitter function.
2025-06-17 10:35:47,945 - INFO - Training started for model: Random Forest
2025-06-17 10:36:07,184 - INFO - Random Forest - Train F1: 0.990, Val F1: 0.966, F1 Gap: 0.024
2025-06-17 10:36:07,185 - INFO - Training started for model: Decision Tree
2025-06-17 10:36:08,349 - INFO - Decision Tree - Train F1: 0.990, Val F1: 0.960, F1 Gap: 0.030
2025-06-17 10:36:08,349 - INFO - Training started for model: Gradient Boosting
2025-06-17 10:38:23,045 - INFO - Gradient Boosting - Train F1: 0.964, Val F1: 0.954, F1 Gap: 0.011
2025-06-17 10:38:23,045 - INFO - Training started for model: AdaBoost
2025-06-17 10:38:38,877 - INFO - AdaBoost - Train F1: 0.922, Val F1: 0.923, F1 Gap: 0.001
2025-06-17 10:38:38,877 - INFO - Training started for model: Logistic Regression
2025-06-17 10:38:40,245 - INFO - Logistic Regression - Train F1: 0.928, Val F1: 0.932, F1 Gap: 0.004
2025-06-17 10:38:40,245 - INFO - Completed model training for all models.
2025-06-17 10:38:40,245 - INFO -  Selected non-overfitting model: Random Forest
2025-06-17 10:38:40,245 - INFO - The best training score on this dataset is 0.9660633730743715
2025-06-17 10:38:40,573 - INFO - Object was saved successfully
2025-06-17 10:38:40,574 - INFO -  Model Training Completed.
2025-06-17 10:38:40,604 - INFO -  NumPy array loaded successfully from Artifacts\06_17_2025_10_35_40\data_transformation\transformed\test.npy
2025-06-17 10:38:40,668 - INFO - Object was loaded successfully
2025-06-17 10:40:24,276 - ERROR -  Pipeline execution failed due to error: log_model() missing 1 required positional argument: 'artifact_path'
