2025-06-17 09:47:44,653 - INFO - >>>> Pipeline Execution Started <<<<
2025-06-17 09:47:52,740 - INFO -  yaml file schema.yaml loaded successfully!
2025-06-17 09:47:52,751 - INFO - Performed train test split on the dataframe
2025-06-17 09:47:52,752 - INFO - Exited split_data_as_train_test method of Data_Ingestion class
2025-06-17 09:47:52,752 - INFO - Exporting train and test file path.
2025-06-17 09:47:52,811 - INFO - Exported train and test file path.
2025-06-17 09:47:52,811 - INFO -  Data Ingestion Completed.
2025-06-17 09:47:52,821 - INFO -  yaml file schema.yaml loaded successfully!
2025-06-17 09:47:52,916 - INFO -  Data Validation Completed.
2025-06-17 09:47:52,921 - INFO -  yaml file schema.yaml loaded successfully!
2025-06-17 09:47:52,922 - INFO - Entered initiate_data_transformation method of DataTransformation class
2025-06-17 09:47:52,923 - INFO - Starting data transformation
2025-06-17 09:47:52,944 - INFO - Entered get_data_trnasformer method of Trnasformation class
2025-06-17 09:47:52,944 - INFO - Initialise KNNImputer with {'missing_values': nan, 'n_neighbors': 4, 'weights': 'uniform'}
2025-06-17 09:47:52,961 - INFO -  NumPy array saved successfully to Artifacts\06_17_2025_09_47_44\data_transformation\transformed\train.npy
2025-06-17 09:47:52,969 - INFO -  NumPy array saved successfully to Artifacts\06_17_2025_09_47_44\data_transformation\transformed\test.npy
2025-06-17 09:47:52,972 - INFO - Object was saved successfully
2025-06-17 09:47:52,972 - INFO -  Data Transformation Completed.
2025-06-17 09:47:52,975 - INFO -  yaml file params.yaml loaded successfully!
2025-06-17 09:47:52,980 - INFO -  NumPy array loaded successfully from Artifacts\06_17_2025_09_47_44\data_transformation\transformed\train.npy
2025-06-17 09:47:52,980 - INFO - Started model training using model_fitter function.
2025-06-17 09:47:52,987 - INFO - Training started for model: Random Forest
2025-06-17 09:48:11,399 - INFO - Random Forest - Train F1: 0.991, Val F1: 0.972, F1 Gap: 0.019
2025-06-17 09:48:11,399 - INFO - Training started for model: Decision Tree
2025-06-17 09:48:12,571 - INFO - Decision Tree - Train F1: 0.991, Val F1: 0.955, F1 Gap: 0.036
2025-06-17 09:48:12,571 - INFO - Training started for model: Gradient Boosting
2025-06-17 09:50:23,439 - INFO - Gradient Boosting - Train F1: 0.969, Val F1: 0.962, F1 Gap: 0.007
2025-06-17 09:50:23,439 - INFO - Training started for model: AdaBoost
2025-06-17 09:50:38,770 - INFO - AdaBoost - Train F1: 0.928, Val F1: 0.933, F1 Gap: 0.005
2025-06-17 09:50:38,770 - INFO - Training started for model: Logistic Regression
2025-06-17 09:50:40,070 - INFO - Logistic Regression - Train F1: 0.930, Val F1: 0.942, F1 Gap: 0.012
2025-06-17 09:50:40,070 - INFO - Completed model training for all models.
2025-06-17 09:50:40,070 - INFO -  Selected non-overfitting model: Random Forest
2025-06-17 09:50:40,070 - INFO - The best training score on this dataset is 0.9717400019469502
2025-06-17 09:50:40,483 - INFO - Object was saved successfully
2025-06-17 09:50:40,483 - INFO -  Model Training Completed.
2025-06-17 09:51:04,669 - INFO -  NumPy array loaded successfully from Artifacts\06_17_2025_09_47_44\data_transformation\transformed\test.npy
2025-06-17 09:51:06,811 - INFO - Object was loaded successfully
2025-06-17 09:51:38,824 - ERROR -  Pipeline execution failed due to error: API request to endpoint /api/2.0/mlflow/experiments/get-by-name failed with error code 404 != 200. Response body: 'Not Found'
