2025-06-16 14:21:30,684 - INFO - >>>> Pipeline Execution Started <<<<
2025-06-16 14:21:32,885 - INFO -  yaml file schema.yaml loaded successfully!
2025-06-16 14:21:32,904 - INFO - Performed train test split on the dataframe
2025-06-16 14:21:32,904 - INFO - Exited split_data_as_train_test method of Data_Ingestion class
2025-06-16 14:21:32,905 - INFO - Exporting train and test file path.
2025-06-16 14:21:32,963 - INFO - Exported train and test file path.
2025-06-16 14:21:32,963 - INFO -  Data Ingestion Completed.
2025-06-16 14:21:32,963 - INFO -  yaml file schema.yaml loaded successfully!
2025-06-16 14:21:33,067 - INFO -  Data Validation Completed.
2025-06-16 14:21:33,072 - INFO -  yaml file schema.yaml loaded successfully!
2025-06-16 14:21:33,074 - INFO - Entered initiate_data_transformation method of DataTransformation class
2025-06-16 14:21:33,074 - INFO - Starting data transformation
2025-06-16 14:21:33,098 - INFO - Entered get_data_trnasformer method of Trnasformation class
2025-06-16 14:21:33,098 - INFO - Initialise KNNImputer with {'missing_values': nan, 'n_neighbors': 4, 'weights': 'uniform'}
2025-06-16 14:21:33,130 - INFO -  NumPy array saved successfully to Artifacts\06_16_2025_14_21_30\data_transformation\transformed\train.npy
2025-06-16 14:21:33,133 - INFO -  NumPy array saved successfully to Artifacts\06_16_2025_14_21_30\data_transformation\transformed\test.npy
2025-06-16 14:21:33,136 - INFO - Object was saved successfully
2025-06-16 14:21:33,137 - INFO -  Data Transformation Completed.
2025-06-16 14:21:33,141 - INFO -  yaml file params.yaml loaded successfully!
2025-06-16 14:21:33,144 - INFO -  NumPy array loaded successfully from Artifacts\06_16_2025_14_21_30\data_transformation\transformed\train.npy
2025-06-16 14:22:06,664 - INFO - Started model training using model_fitter function.
2025-06-16 14:22:12,427 - INFO - Training started for model: Random Forest
2025-06-16 14:25:16,900 - INFO - Random Forest - Train F1: 0.990, Val F1: 0.971, F1 Gap: 0.020
