2025-06-16 13:44:57,558 - INFO - >>>> Pipeline Execution Started <<<<
2025-06-16 13:44:59,650 - INFO -  yaml file schema.yaml loaded successfully!
2025-06-16 13:44:59,668 - INFO - Performed train test split on the dataframe
2025-06-16 13:44:59,668 - INFO - Exited split_data_as_train_test method of Data_Ingestion class
2025-06-16 13:44:59,669 - INFO - Exporting train and test file path.
2025-06-16 13:44:59,736 - INFO - Exported train and test file path.
2025-06-16 13:44:59,736 - INFO -  Data Ingestion Completed.
2025-06-16 13:44:59,739 - INFO -  yaml file schema.yaml loaded successfully!
2025-06-16 13:44:59,838 - INFO -  Data Validation Completed.
2025-06-16 13:44:59,843 - INFO -  yaml file schema.yaml loaded successfully!
2025-06-16 13:44:59,844 - INFO - Entered initiate_data_transformation method of DataTransformation class
2025-06-16 13:44:59,844 - INFO - Starting data transformation
2025-06-16 13:44:59,870 - INFO - Entered get_data_trnasformer method of Trnasformation class
2025-06-16 13:44:59,871 - INFO - Initialise KNNImputer with {'missing_values': nan, 'n_neighbors': 4, 'weights': 'uniform'}
2025-06-16 13:45:04,125 - INFO -  NumPy array saved successfully to Artifacts\06_16_2025_13_44_57\data_transformation\transformed\train.npy
2025-06-16 13:45:04,131 - INFO -  NumPy array saved successfully to Artifacts\06_16_2025_13_44_57\data_transformation\transformed\test.npy
2025-06-16 13:45:04,138 - INFO - Object was saved successfully
2025-06-16 13:45:04,138 - INFO -  Data Transformation Completed.
2025-06-16 13:45:04,146 - INFO -  yaml file params.yaml loaded successfully!
2025-06-16 13:45:08,459 - INFO -  NumPy array loaded successfully from Artifacts\06_16_2025_13_44_57\data_transformation\transformed\train.npy
2025-06-16 13:45:08,461 - INFO - Started model training using model_fitter function.
2025-06-16 13:45:25,163 - INFO - Training started for model: Random Forest
2025-06-16 13:46:35,548 - INFO - Random Forest - Training F1 Score: 0.990
