2025-06-16 13:48:10,807 - INFO - >>>> Pipeline Execution Started <<<<
2025-06-16 13:48:13,322 - INFO -  yaml file schema.yaml loaded successfully!
2025-06-16 13:48:13,336 - INFO - Performed train test split on the dataframe
2025-06-16 13:48:13,336 - INFO - Exited split_data_as_train_test method of Data_Ingestion class
2025-06-16 13:48:13,336 - INFO - Exporting train and test file path.
2025-06-16 13:48:13,410 - INFO - Exported train and test file path.
2025-06-16 13:48:13,410 - INFO -  Data Ingestion Completed.
2025-06-16 13:48:13,415 - INFO -  yaml file schema.yaml loaded successfully!
2025-06-16 13:48:13,512 - INFO -  Data Validation Completed.
2025-06-16 13:48:13,517 - INFO -  yaml file schema.yaml loaded successfully!
2025-06-16 13:48:13,518 - INFO - Entered initiate_data_transformation method of DataTransformation class
2025-06-16 13:48:13,519 - INFO - Starting data transformation
2025-06-16 13:48:13,545 - INFO - Entered get_data_trnasformer method of Trnasformation class
2025-06-16 13:48:13,546 - INFO - Initialise KNNImputer with {'missing_values': nan, 'n_neighbors': 4, 'weights': 'uniform'}
2025-06-16 13:48:13,564 - INFO -  NumPy array saved successfully to Artifacts\06_16_2025_13_48_10\data_transformation\transformed\train.npy
2025-06-16 13:48:13,570 - INFO -  NumPy array saved successfully to Artifacts\06_16_2025_13_48_10\data_transformation\transformed\test.npy
2025-06-16 13:48:13,573 - INFO - Object was saved successfully
2025-06-16 13:48:13,573 - INFO -  Data Transformation Completed.
2025-06-16 13:48:13,576 - INFO -  yaml file params.yaml loaded successfully!
2025-06-16 13:48:13,580 - INFO -  NumPy array loaded successfully from Artifacts\06_16_2025_13_48_10\data_transformation\transformed\train.npy
2025-06-16 13:48:13,581 - INFO - Started model training using model_fitter function.
2025-06-16 13:48:13,581 - INFO - Training started for model: Random Forest
2025-06-16 13:48:28,613 - INFO - Random Forest - Training F1 Score: 0.990
2025-06-16 13:48:28,613 - INFO - Training started for model: Decision Tree
2025-06-16 13:48:29,775 - INFO - Decision Tree - Training F1 Score: 0.990
2025-06-16 13:48:29,775 - INFO - Training started for model: Gradient Boosting
2025-06-16 13:50:47,532 - INFO - Gradient Boosting - Training F1 Score: 0.966
2025-06-16 13:50:47,532 - INFO - Training started for model: AdaBoost
2025-06-16 13:51:03,353 - INFO - AdaBoost - Training F1 Score: 0.928
2025-06-16 13:51:03,353 - INFO - Training started for model: Logistic Regression
2025-06-16 13:51:04,909 - INFO - Logistic Regression - Training F1 Score: 0.930
2025-06-16 13:51:04,909 - INFO - Completed model training for all models.
2025-06-16 13:51:57,949 - INFO - The best training score on this dataset is 0.9901654619398806
2025-06-16 13:52:17,178 - ERROR -  Pipeline execution failed due to error: Argument y_true of type <class 'numpy.ndarray'> to <function get_classification_metrics at 0x000001E40B76E700> does not match annotation type <class 'int'>
