2025-06-16 13:42:34,095 - INFO - >>>> Pipeline Execution Started <<<<
2025-06-16 13:42:38,501 - INFO -  yaml file schema.yaml loaded successfully!
2025-06-16 13:42:38,516 - INFO - Performed train test split on the dataframe
2025-06-16 13:42:38,516 - INFO - Exited split_data_as_train_test method of Data_Ingestion class
2025-06-16 13:42:38,516 - INFO - Exporting train and test file path.
2025-06-16 13:42:38,576 - INFO - Exported train and test file path.
2025-06-16 13:42:38,576 - INFO -  Data Ingestion Completed.
2025-06-16 13:42:38,576 - INFO -  yaml file schema.yaml loaded successfully!
2025-06-16 13:42:38,685 - INFO -  Data Validation Completed.
2025-06-16 13:42:38,690 - INFO -  yaml file schema.yaml loaded successfully!
2025-06-16 13:42:38,692 - INFO - Entered initiate_data_transformation method of DataTransformation class
2025-06-16 13:42:38,692 - INFO - Starting data transformation
2025-06-16 13:42:38,717 - INFO - Entered get_data_trnasformer method of Trnasformation class
2025-06-16 13:42:38,717 - INFO - Initialise KNNImputer with {'missing_values': nan, 'n_neighbors': 4, 'weights': 'uniform'}
2025-06-16 13:42:44,609 - INFO -  NumPy array saved successfully to Artifacts\06_16_2025_13_42_34\data_transformation\transformed\train.npy
2025-06-16 13:42:44,622 - INFO -  NumPy array saved successfully to Artifacts\06_16_2025_13_42_34\data_transformation\transformed\test.npy
2025-06-16 13:42:44,638 - INFO - Object was saved successfully
2025-06-16 13:42:44,639 - INFO -  Data Transformation Completed.
2025-06-16 13:42:44,650 - INFO -  yaml file params.yaml loaded successfully!
2025-06-16 13:43:16,972 - INFO -  NumPy array loaded successfully from Artifacts\06_16_2025_13_42_34\data_transformation\transformed\train.npy
2025-06-16 13:44:02,486 - INFO - Started model training using model_fitter function.
2025-06-16 13:44:06,639 - INFO - Training started for model: Random Forest
